<?xml version="1.0" encoding="UTF-8"?>
<!-- Generated by org.testng.reporters.JUnitReportReporter -->
<testsuite hostname="Debbi" failures="0" tests="2" name="testCase.HomePageTestCase" time="192.460" errors="0" timestamp="2024-11-25T22:33:16 IST" skipped="0">
  <testcase classname="testCase.HomePageTestCase" name="validateTextToSlider" time="89.604"/>
  <testcase classname="testCase.HomePageTestCase" name="validateRecurringAmount" time="102.856"/>
</testsuite> <!-- testCase.HomePageTestCase -->
